2024-10-19 23:24:35,188 - INFO - Class distribution: [18. 15. 14. 14. 15. 14. 15. 15. 15. 12. 15. 14. 13. 14. 14. 15. 14. 13.
 15. 16. 15. 15. 13. 13. 12. 10. 14. 15. 13. 13. 14. 13. 17. 14. 17. 17.
 15. 14. 16. 15. 16. 15. 13. 13. 15. 15. 16. 15. 15. 17. 14. 14. 14. 15.
 17. 15. 11. 14. 11. 15. 16. 11. 14. 14. 18. 15. 12. 13. 12. 17. 15. 16.
 16. 15. 13. 13. 14. 14. 13. 13. 16. 14. 18. 16. 14. 15. 15. 14. 11. 12.
 14. 15. 13. 15. 17. 13. 14. 15. 15. 14. 13. 15. 16. 16. 12. 15. 15. 16.
 13. 16. 16. 14. 13. 14. 17. 15. 16. 13. 17. 15. 15. 12. 14. 16. 13. 16.
 13. 17. 14. 13. 15. 14. 12. 13. 14. 14. 14. 13. 15. 16. 14. 14. 18. 12.
 15. 15. 14. 12. 13. 13. 17. 12. 14. 15. 15.]
2024-10-19 23:24:35,191 - INFO - Class weights: [0.9919355  0.9932796  0.9937276  0.9937276  0.9932796  0.9937276
 0.9932796  0.9932796  0.9932796  0.99462366 0.9932796  0.9937276
 0.9941756  0.9937276  0.9937276  0.9932796  0.9937276  0.9941756
 0.9932796  0.9928315  0.9932796  0.9932796  0.9941756  0.9941756
 0.99462366 0.9955197  0.9937276  0.9932796  0.9941756  0.9941756
 0.9937276  0.9941756  0.99238354 0.9937276  0.99238354 0.99238354
 0.9932796  0.9937276  0.9928315  0.9932796  0.9928315  0.9932796
 0.9941756  0.9941756  0.9932796  0.9932796  0.9928315  0.9932796
 0.9932796  0.99238354 0.9937276  0.9937276  0.9937276  0.9932796
 0.99238354 0.9932796  0.9950717  0.9937276  0.9950717  0.9932796
 0.9928315  0.9950717  0.9937276  0.9937276  0.9919355  0.9932796
 0.99462366 0.9941756  0.99462366 0.99238354 0.9932796  0.9928315
 0.9928315  0.9932796  0.9941756  0.9941756  0.9937276  0.9937276
 0.9941756  0.9941756  0.9928315  0.9937276  0.9919355  0.9928315
 0.9937276  0.9932796  0.9932796  0.9937276  0.9950717  0.99462366
 0.9937276  0.9932796  0.9941756  0.9932796  0.99238354 0.9941756
 0.9937276  0.9932796  0.9932796  0.9937276  0.9941756  0.9932796
 0.9928315  0.9928315  0.99462366 0.9932796  0.9932796  0.9928315
 0.9941756  0.9928315  0.9928315  0.9937276  0.9941756  0.9937276
 0.99238354 0.9932796  0.9928315  0.9941756  0.99238354 0.9932796
 0.9932796  0.99462366 0.9937276  0.9928315  0.9941756  0.9928315
 0.9941756  0.99238354 0.9937276  0.9941756  0.9932796  0.9937276
 0.99462366 0.9941756  0.9937276  0.9937276  0.9937276  0.9941756
 0.9932796  0.9928315  0.9937276  0.9937276  0.9919355  0.99462366
 0.9932796  0.9932796  0.9937276  0.99462366 0.9941756  0.9941756
 0.99238354 0.99462366 0.9937276  0.9932796  0.9932796 ]
2024-10-19 23:24:36,154 - INFO - Epoch [1/50], Loss: 4.2453, Accuracy: 0.1210
2024-10-19 23:24:36,311 - INFO - Epoch [2/50], Loss: 2.3433, Accuracy: 0.3705
2024-10-19 23:24:36,466 - INFO - Epoch [3/50], Loss: 1.8032, Accuracy: 0.4937
2024-10-19 23:24:36,648 - INFO - Epoch [4/50], Loss: 1.4961, Accuracy: 0.5632
2024-10-19 23:24:36,818 - INFO - Epoch [5/50], Loss: 1.3332, Accuracy: 0.6035
2024-10-19 23:24:36,976 - INFO - Epoch [6/50], Loss: 1.1984, Accuracy: 0.6308
2024-10-19 23:24:37,130 - INFO - Epoch [7/50], Loss: 1.1618, Accuracy: 0.6425
2024-10-19 23:24:37,304 - INFO - Epoch [8/50], Loss: 1.0448, Accuracy: 0.6734
2024-10-19 23:24:37,458 - INFO - Epoch [9/50], Loss: 1.0091, Accuracy: 0.6895
2024-10-19 23:24:37,609 - INFO - Epoch [10/50], Loss: 0.9453, Accuracy: 0.7083
2024-10-19 23:24:37,763 - INFO - Epoch [11/50], Loss: 0.8852, Accuracy: 0.7186
2024-10-19 23:24:37,913 - INFO - Epoch [12/50], Loss: 0.8774, Accuracy: 0.7245
2024-10-19 23:24:38,067 - INFO - Epoch [13/50], Loss: 0.8323, Accuracy: 0.7442
2024-10-19 23:24:38,218 - INFO - Epoch [14/50], Loss: 0.8215, Accuracy: 0.7410
2024-10-19 23:24:38,371 - INFO - Epoch [15/50], Loss: 0.7525, Accuracy: 0.7500
2024-10-19 23:24:38,521 - INFO - Epoch [16/50], Loss: 0.7602, Accuracy: 0.7572
2024-10-19 23:24:38,674 - INFO - Epoch [17/50], Loss: 0.7016, Accuracy: 0.7711
2024-10-19 23:24:38,823 - INFO - Epoch [18/50], Loss: 0.7059, Accuracy: 0.7634
2024-10-19 23:24:38,974 - INFO - Epoch [19/50], Loss: 0.6775, Accuracy: 0.7737
2024-10-19 23:24:39,123 - INFO - Epoch [20/50], Loss: 0.6619, Accuracy: 0.7742
2024-10-19 23:24:39,272 - INFO - Epoch [21/50], Loss: 0.6146, Accuracy: 0.7997
2024-10-19 23:24:39,426 - INFO - Epoch [22/50], Loss: 0.6143, Accuracy: 0.7984
2024-10-19 23:24:39,574 - INFO - Epoch [23/50], Loss: 0.6243, Accuracy: 0.7979
2024-10-19 23:24:39,680 - INFO - Epoch [24/50], Loss: 0.5960, Accuracy: 0.8015
2024-10-19 23:24:39,786 - INFO - Epoch [25/50], Loss: 0.5374, Accuracy: 0.8177
2024-10-19 23:24:39,892 - INFO - Epoch [26/50], Loss: 0.5780, Accuracy: 0.8127
2024-10-19 23:24:39,999 - INFO - Epoch [27/50], Loss: 0.4999, Accuracy: 0.8311
2024-10-19 23:24:40,105 - INFO - Epoch [28/50], Loss: 0.5034, Accuracy: 0.8347
2024-10-19 23:24:40,212 - INFO - Epoch [29/50], Loss: 0.5151, Accuracy: 0.8190
2024-10-19 23:24:40,318 - INFO - Epoch [30/50], Loss: 0.5320, Accuracy: 0.8253
2024-10-19 23:24:40,425 - INFO - Epoch [31/50], Loss: 0.5194, Accuracy: 0.8293
2024-10-19 23:24:40,531 - INFO - Epoch [32/50], Loss: 0.4767, Accuracy: 0.8347
2024-10-19 23:24:40,640 - INFO - Epoch [33/50], Loss: 0.5341, Accuracy: 0.8221
2024-10-19 23:24:40,745 - INFO - Epoch [34/50], Loss: 0.5034, Accuracy: 0.8436
2024-10-19 23:24:40,851 - INFO - Epoch [35/50], Loss: 0.4786, Accuracy: 0.8436
2024-10-19 23:24:40,956 - INFO - Epoch [36/50], Loss: 0.4884, Accuracy: 0.8275
2024-10-19 23:24:41,063 - INFO - Epoch [37/50], Loss: 0.4443, Accuracy: 0.8499
2024-10-19 23:24:41,169 - INFO - Epoch [38/50], Loss: 0.4530, Accuracy: 0.8472
2024-10-19 23:24:41,274 - INFO - Epoch [39/50], Loss: 0.4954, Accuracy: 0.8284
2024-10-19 23:24:41,384 - INFO - Epoch [40/50], Loss: 0.4177, Accuracy: 0.8539
2024-10-19 23:24:41,490 - INFO - Epoch [41/50], Loss: 0.4384, Accuracy: 0.8602
2024-10-19 23:24:41,596 - INFO - Epoch [42/50], Loss: 0.4380, Accuracy: 0.8620
2024-10-19 23:24:41,702 - INFO - Epoch [43/50], Loss: 0.4224, Accuracy: 0.8535
2024-10-19 23:24:41,807 - INFO - Epoch [44/50], Loss: 0.4442, Accuracy: 0.8495
2024-10-19 23:24:41,911 - INFO - Epoch [45/50], Loss: 0.4163, Accuracy: 0.8656
2024-10-19 23:24:42,016 - INFO - Epoch [46/50], Loss: 0.4355, Accuracy: 0.8477
2024-10-19 23:24:42,127 - INFO - Epoch [47/50], Loss: 0.3988, Accuracy: 0.8642
2024-10-19 23:24:42,236 - INFO - Epoch [48/50], Loss: 0.4213, Accuracy: 0.8710
2024-10-19 23:24:42,347 - INFO - Epoch [49/50], Loss: 0.3979, Accuracy: 0.8669
2024-10-19 23:24:42,456 - INFO - Epoch [50/50], Loss: 0.4252, Accuracy: 0.8589
2024-10-19 23:24:42,464 - INFO - Evaluation Loss: 1.0767, Accuracy: 0.7688
2024-10-19 23:24:42,466 - INFO - 元学习器权重已保存为 meta_learner_weights.pth
2024-10-19 23:24:54,123 - INFO - Class distribution: [18. 15. 14. 14. 15. 14. 15. 15. 15. 12. 15. 14. 13. 14. 14. 15. 14. 13.
 15. 16. 15. 15. 13. 13. 12. 10. 14. 15. 13. 13. 14. 13. 17. 14. 17. 17.
 15. 14. 16. 15. 16. 15. 13. 13. 15. 15. 16. 15. 15. 17. 14. 14. 14. 15.
 17. 15. 11. 14. 11. 15. 16. 11. 14. 14. 18. 15. 12. 13. 12. 17. 15. 16.
 16. 15. 13. 13. 14. 14. 13. 13. 16. 14. 18. 16. 14. 15. 15. 14. 11. 12.
 14. 15. 13. 15. 17. 13. 14. 15. 15. 14. 13. 15. 16. 16. 12. 15. 15. 16.
 13. 16. 16. 14. 13. 14. 17. 15. 16. 13. 17. 15. 15. 12. 14. 16. 13. 16.
 13. 17. 14. 13. 15. 14. 12. 13. 14. 14. 14. 13. 15. 16. 14. 14. 18. 12.
 15. 15. 14. 12. 13. 13. 17. 12. 14. 15. 15.]
2024-10-19 23:24:54,125 - INFO - Class weights: [0.9919355  0.9932796  0.9937276  0.9937276  0.9932796  0.9937276
 0.9932796  0.9932796  0.9932796  0.99462366 0.9932796  0.9937276
 0.9941756  0.9937276  0.9937276  0.9932796  0.9937276  0.9941756
 0.9932796  0.9928315  0.9932796  0.9932796  0.9941756  0.9941756
 0.99462366 0.9955197  0.9937276  0.9932796  0.9941756  0.9941756
 0.9937276  0.9941756  0.99238354 0.9937276  0.99238354 0.99238354
 0.9932796  0.9937276  0.9928315  0.9932796  0.9928315  0.9932796
 0.9941756  0.9941756  0.9932796  0.9932796  0.9928315  0.9932796
 0.9932796  0.99238354 0.9937276  0.9937276  0.9937276  0.9932796
 0.99238354 0.9932796  0.9950717  0.9937276  0.9950717  0.9932796
 0.9928315  0.9950717  0.9937276  0.9937276  0.9919355  0.9932796
 0.99462366 0.9941756  0.99462366 0.99238354 0.9932796  0.9928315
 0.9928315  0.9932796  0.9941756  0.9941756  0.9937276  0.9937276
 0.9941756  0.9941756  0.9928315  0.9937276  0.9919355  0.9928315
 0.9937276  0.9932796  0.9932796  0.9937276  0.9950717  0.99462366
 0.9937276  0.9932796  0.9941756  0.9932796  0.99238354 0.9941756
 0.9937276  0.9932796  0.9932796  0.9937276  0.9941756  0.9932796
 0.9928315  0.9928315  0.99462366 0.9932796  0.9932796  0.9928315
 0.9941756  0.9928315  0.9928315  0.9937276  0.9941756  0.9937276
 0.99238354 0.9932796  0.9928315  0.9941756  0.99238354 0.9932796
 0.9932796  0.99462366 0.9937276  0.9928315  0.9941756  0.9928315
 0.9941756  0.99238354 0.9937276  0.9941756  0.9932796  0.9937276
 0.99462366 0.9941756  0.9937276  0.9937276  0.9937276  0.9941756
 0.9932796  0.9928315  0.9937276  0.9937276  0.9919355  0.99462366
 0.9932796  0.9932796  0.9937276  0.99462366 0.9941756  0.9941756
 0.99238354 0.99462366 0.9937276  0.9932796  0.9932796 ]
2024-10-19 23:24:55,099 - INFO - Epoch [1/50], Loss: 4.1912, Accuracy: 0.1254
2024-10-19 23:24:55,250 - INFO - Epoch [2/50], Loss: 2.2571, Accuracy: 0.3799
2024-10-19 23:24:55,397 - INFO - Epoch [3/50], Loss: 1.7203, Accuracy: 0.5067
2024-10-19 23:24:55,547 - INFO - Epoch [4/50], Loss: 1.5026, Accuracy: 0.5430
2024-10-19 23:24:55,696 - INFO - Epoch [5/50], Loss: 1.2930, Accuracy: 0.6178
2024-10-19 23:24:55,845 - INFO - Epoch [6/50], Loss: 1.1794, Accuracy: 0.6407
2024-10-19 23:24:55,992 - INFO - Epoch [7/50], Loss: 1.1086, Accuracy: 0.6550
2024-10-19 23:24:56,120 - INFO - Epoch [8/50], Loss: 1.1056, Accuracy: 0.6550
2024-10-19 23:24:56,225 - INFO - Epoch [9/50], Loss: 1.0244, Accuracy: 0.6770
2024-10-19 23:24:56,330 - INFO - Epoch [10/50], Loss: 0.9315, Accuracy: 0.7065
2024-10-19 23:24:56,435 - INFO - Epoch [11/50], Loss: 0.9485, Accuracy: 0.6976
2024-10-19 23:24:56,542 - INFO - Epoch [12/50], Loss: 0.8510, Accuracy: 0.7303
2024-10-19 23:24:56,646 - INFO - Epoch [13/50], Loss: 0.8100, Accuracy: 0.7424
2024-10-19 23:24:56,752 - INFO - Epoch [14/50], Loss: 0.7781, Accuracy: 0.7455
2024-10-19 23:24:56,857 - INFO - Epoch [15/50], Loss: 0.8070, Accuracy: 0.7437
2024-10-19 23:24:56,966 - INFO - Epoch [16/50], Loss: 0.7351, Accuracy: 0.7630
2024-10-19 23:24:57,073 - INFO - Epoch [17/50], Loss: 0.7111, Accuracy: 0.7634
2024-10-19 23:24:57,183 - INFO - Epoch [18/50], Loss: 0.7282, Accuracy: 0.7567
2024-10-19 23:24:57,289 - INFO - Epoch [19/50], Loss: 0.6726, Accuracy: 0.7782
2024-10-19 23:24:57,395 - INFO - Epoch [20/50], Loss: 0.6417, Accuracy: 0.7899
2024-10-19 23:24:57,499 - INFO - Epoch [21/50], Loss: 0.6007, Accuracy: 0.8015
2024-10-19 23:24:57,603 - INFO - Epoch [22/50], Loss: 0.6314, Accuracy: 0.7970
2024-10-19 23:24:57,713 - INFO - Epoch [23/50], Loss: 0.5889, Accuracy: 0.8056
2024-10-19 23:24:57,816 - INFO - Epoch [24/50], Loss: 0.5701, Accuracy: 0.8145
2024-10-19 23:24:57,919 - INFO - Epoch [25/50], Loss: 0.6340, Accuracy: 0.7885
2024-10-19 23:24:58,024 - INFO - Epoch [26/50], Loss: 0.5887, Accuracy: 0.8056
2024-10-19 23:24:58,126 - INFO - Epoch [27/50], Loss: 0.5294, Accuracy: 0.8262
2024-10-19 23:24:58,232 - INFO - Epoch [28/50], Loss: 0.5533, Accuracy: 0.8096
2024-10-19 23:24:58,333 - INFO - Epoch [29/50], Loss: 0.5025, Accuracy: 0.8333
2024-10-19 23:24:58,433 - INFO - Epoch [30/50], Loss: 0.5199, Accuracy: 0.8244
2024-10-19 23:24:58,534 - INFO - Epoch [31/50], Loss: 0.4685, Accuracy: 0.8459
2024-10-19 23:24:58,634 - INFO - Epoch [32/50], Loss: 0.5220, Accuracy: 0.8244
2024-10-19 23:24:58,734 - INFO - Epoch [33/50], Loss: 0.4689, Accuracy: 0.8432
2024-10-19 23:24:58,835 - INFO - Epoch [34/50], Loss: 0.4765, Accuracy: 0.8405
2024-10-19 23:24:58,939 - INFO - Epoch [35/50], Loss: 0.4720, Accuracy: 0.8423
2024-10-19 23:24:59,039 - INFO - Epoch [36/50], Loss: 0.4645, Accuracy: 0.8418
2024-10-19 23:24:59,141 - INFO - Epoch [37/50], Loss: 0.4163, Accuracy: 0.8616
2024-10-19 23:24:59,242 - INFO - Epoch [38/50], Loss: 0.4310, Accuracy: 0.8495
2024-10-19 23:24:59,343 - INFO - Epoch [39/50], Loss: 0.4767, Accuracy: 0.8387
2024-10-19 23:24:59,444 - INFO - Epoch [40/50], Loss: 0.4473, Accuracy: 0.8481
2024-10-19 23:24:59,545 - INFO - Epoch [41/50], Loss: 0.4202, Accuracy: 0.8553
2024-10-19 23:24:59,646 - INFO - Epoch [42/50], Loss: 0.4230, Accuracy: 0.8499
2024-10-19 23:24:59,752 - INFO - Epoch [43/50], Loss: 0.4000, Accuracy: 0.8656
2024-10-19 23:24:59,854 - INFO - Epoch [44/50], Loss: 0.4169, Accuracy: 0.8580
2024-10-19 23:24:59,959 - INFO - Epoch [45/50], Loss: 0.4199, Accuracy: 0.8566
2024-10-19 23:25:00,069 - INFO - Epoch [46/50], Loss: 0.4418, Accuracy: 0.8584
2024-10-19 23:25:00,171 - INFO - Epoch [47/50], Loss: 0.4026, Accuracy: 0.8638
2024-10-19 23:25:00,278 - INFO - Epoch [48/50], Loss: 0.3650, Accuracy: 0.8804
2024-10-19 23:25:00,379 - INFO - Epoch [49/50], Loss: 0.4167, Accuracy: 0.8616
2024-10-19 23:25:00,483 - INFO - Epoch [50/50], Loss: 0.3798, Accuracy: 0.8741
2024-10-19 23:25:00,491 - INFO - Evaluation Loss: 1.0334, Accuracy: 0.7867
2024-10-19 23:25:00,493 - INFO - 元学习器权重已保存为 meta_learner_weights.pth
